<?xml version="1.0" encoding="UTF-8"?>
<testsuite xmlns:xsi="http://www.w3.org/2001/XMLSchema-instance" xsi:noNamespaceSchemaLocation="https://maven.apache.org/surefire/maven-surefire-plugin/xsd/surefire-test-report-3.0.xsd" version="3.0" name="TestSuite" time="39.683" tests="3" errors="0" skipped="0" failures="0">
  <properties>
[...]
</properties>
  <testcase name="runScenario[&quot;user will be able to search items successfuly&quot;, &quot;Optional[google search functionalty testing]&quot;](1)" classname="runner.Runner" time="13.261">
    <system-out><![CDATA[Apple iPhone 14
Mobile phone
Apple iPhone 14 Pro Max
Mobile phone
iphone 14 pro
Apple iPhone 14 Plus
Mobile phone
iphone 14 case
iphone 14 colors
iphone 14 price
iphone 14 pro max size
iphone 14 pro case
iphone 14 pro max price
]]></system-out>
    <system-err><![CDATA[Oct 02, 2024 2:30:11 AM org.openqa.selenium.devtools.CdpVersionFinder findNearestMatch
WARNING: Unable to find CDP implementation matching 129
Oct 02, 2024 2:30:11 AM org.openqa.selenium.chromium.ChromiumDriver lambda$new$5
WARNING: Unable to find version of CDP to use for 129.0.6668.70. You may need to include a dependency on a specific version of the CDP using something similar to `org.seleniumhq.selenium:selenium-devtools-v86:4.17.0` where the version ("v86") matches the version of the chromium-based browser you're using and the version number of the artifact is the same as Selenium's.
]]></system-err>
  </testcase>
  <testcase name="runScenario[&quot;user will be able to search items successfuly&quot;, &quot;Optional[google search functionalty testing]&quot;](2)" classname="runner.Runner" time="12.481">
    <system-out><![CDATA[iPhone 15
Mobile phone
iphone 15 pro max
iPhone 15 Pro
Mobile phone
Apple iPhone 15 Plus
Mobile phone
iphone 15 colors
iphone 15 charger
iphone 15 price
iphone 15 pro max case
iphone 15 case
iphone 15 pro case
]]></system-out>
    <system-err><![CDATA[Oct 02, 2024 2:30:24 AM org.openqa.selenium.devtools.CdpVersionFinder findNearestMatch
WARNING: Unable to find CDP implementation matching 129
Oct 02, 2024 2:30:24 AM org.openqa.selenium.chromium.ChromiumDriver lambda$new$5
WARNING: Unable to find version of CDP to use for 129.0.6668.70. You may need to include a dependency on a specific version of the CDP using something similar to `org.seleniumhq.selenium:selenium-devtools-v86:4.17.0` where the version ("v86") matches the version of the chromium-based browser you're using and the version number of the artifact is the same as Selenium's.
]]></system-err>
  </testcase>
  <testcase name="runScenario[&quot;user will be able to search items successfuly&quot;, &quot;Optional[google search functionalty testing]&quot;](3)" classname="runner.Runner" time="12.457">
    <system-out><![CDATA[iphone 16
iphone 16 pro max
iphone 16 pro
iphone 16 release date
iphone 16 colors
iphone 16 pro max case
iphone 16 plus
iphone 16 pro case
iphone 16 pro colors
iphone 16 pro max colors
]]></system-out>
    <system-err><![CDATA[Oct 02, 2024 2:30:36 AM org.openqa.selenium.devtools.CdpVersionFinder findNearestMatch
WARNING: Unable to find CDP implementation matching 129
Oct 02, 2024 2:30:36 AM org.openqa.selenium.chromium.ChromiumDriver lambda$new$5
WARNING: Unable to find version of CDP to use for 129.0.6668.70. You may need to include a dependency on a specific version of the CDP using something similar to `org.seleniumhq.selenium:selenium-devtools-v86:4.17.0` where the version ("v86") matches the version of the chromium-based browser you're using and the version number of the artifact is the same as Selenium's.
]]></system-err>
  </testcase>
</testsuite>