<?xml version="1.0" encoding="UTF-8"?>
<testng-results ignored="0" total="3" passed="3" failed="0" skipped="0">
  <reporter-output>
  </reporter-output>
  <suite started-at="2024-10-02T02:30:08 EDT" name="Suite" finished-at="2024-10-02T02:30:47 EDT" duration-ms="39018">
    <groups>
      <group name="cucumber">
        <method signature="AbstractTestNGCucumberTests.runScenario(io.cucumber.testng.PickleWrapper,io.cucumber.testng.FeatureWrapper)[pri:0, instance:runner.Runner@2c35e847]" name="runScenario" class="io.cucumber.testng.AbstractTestNGCucumberTests"/>
      </group> <!-- cucumber -->
    </groups>
    <test started-at="2024-10-02T02:30:08 EDT" name="Test" finished-at="2024-10-02T02:30:47 EDT" duration-ms="39018">
      <class name="runner.Runner">
        <test-method is-config="true" signature="setUpClass(org.testng.ITestContext)[pri:0, instance:runner.Runner@2c35e847]" started-at="2024-10-02T02:30:08 EDT" name="setUpClass" finished-at="2024-10-02T02:30:09 EDT" duration-ms="343" status="PASS">
          <params>
            <param index="0">
              <value>
                <![CDATA[org.testng.TestRunner@31ceba99]]>
              </value>
            </param>
          </params>
          <reporter-output>
          </reporter-output>
        </test-method> <!-- setUpClass -->
        <test-method signature="runScenario(io.cucumber.testng.PickleWrapper,io.cucumber.testng.FeatureWrapper)[pri:0, instance:runner.Runner@2c35e847]" started-at="2024-10-02T02:30:09 EDT" name="runScenario" description="Runs Cucumber Scenarios" data-provider="scenarios" finished-at="2024-10-02T02:30:22 EDT" duration-ms="13262" status="PASS">
          <params>
            <param index="0">
              <value>
                <![CDATA["user will be able to search items successfuly"]]>
              </value>
            </param>
            <param index="1">
              <value>
                <![CDATA["Optional[google search functionalty testing]"]]>
              </value>
            </param>
          </params>
          <reporter-output>
          </reporter-output>
        </test-method> <!-- runScenario -->
        <test-method signature="runScenario(io.cucumber.testng.PickleWrapper,io.cucumber.testng.FeatureWrapper)[pri:0, instance:runner.Runner@2c35e847]" started-at="2024-10-02T02:30:22 EDT" name="runScenario" description="Runs Cucumber Scenarios" data-provider="scenarios" finished-at="2024-10-02T02:30:35 EDT" duration-ms="12483" status="PASS">
          <params>
            <param index="0">
              <value>
                <![CDATA["user will be able to search items successfuly"]]>
              </value>
            </param>
            <param index="1">
              <value>
                <![CDATA["Optional[google search functionalty testing]"]]>
              </value>
            </param>
          </params>
          <reporter-output>
          </reporter-output>
        </test-method> <!-- runScenario -->
        <test-method signature="runScenario(io.cucumber.testng.PickleWrapper,io.cucumber.testng.FeatureWrapper)[pri:0, instance:runner.Runner@2c35e847]" started-at="2024-10-02T02:30:35 EDT" name="runScenario" description="Runs Cucumber Scenarios" data-provider="scenarios" finished-at="2024-10-02T02:30:47 EDT" duration-ms="12457" status="PASS">
          <params>
            <param index="0">
              <value>
                <![CDATA["user will be able to search items successfuly"]]>
              </value>
            </param>
            <param index="1">
              <value>
                <![CDATA["Optional[google search functionalty testing]"]]>
              </value>
            </param>
          </params>
          <reporter-output>
          </reporter-output>
        </test-method> <!-- runScenario -->
        <test-method is-config="true" signature="tearDownClass()[pri:0, instance:runner.Runner@2c35e847]" started-at="2024-10-02T02:30:47 EDT" name="tearDownClass" finished-at="2024-10-02T02:30:47 EDT" duration-ms="426" status="PASS">
          <reporter-output>
          </reporter-output>
        </test-method> <!-- tearDownClass -->
      </class> <!-- runner.Runner -->
    </test> <!-- Test -->
  </suite> <!-- Suite -->
</testng-results>
