<?xml version="1.0" encoding="UTF-8"?>
<testng-results ignored="0" total="3" passed="3" failed="0" skipped="0">
  <reporter-output>
  </reporter-output>
  <suite started-at="2024-10-02T02:10:46 EDT" name="Default suite" finished-at="2024-10-02T02:11:26 EDT" duration-ms="39126">
    <groups>
      <group name="cucumber">
        <method signature="AbstractTestNGCucumberTests.runScenario(io.cucumber.testng.PickleWrapper,io.cucumber.testng.FeatureWrapper)[pri:0, instance:runner.Runner@52719fb6]" name="runScenario" class="io.cucumber.testng.AbstractTestNGCucumberTests"/>
      </group> <!-- cucumber -->
    </groups>
    <test started-at="2024-10-02T02:10:46 EDT" name="Default test" finished-at="2024-10-02T02:11:26 EDT" duration-ms="39126">
      <class name="runner.Runner">
        <test-method is-config="true" signature="setUpClass(org.testng.ITestContext)[pri:0, instance:runner.Runner@52719fb6]" started-at="2024-10-02T02:10:46 EDT" name="setUpClass" finished-at="2024-10-02T02:10:47 EDT" duration-ms="357" status="PASS">
          <params>
            <param index="0">
              <value>
                <![CDATA[org.testng.TestRunner@41fe8e5f]]>
              </value>
            </param>
          </params>
          <reporter-output>
          </reporter-output>
        </test-method> <!-- setUpClass -->
        <test-method signature="runScenario(io.cucumber.testng.PickleWrapper,io.cucumber.testng.FeatureWrapper)[pri:0, instance:runner.Runner@52719fb6]" started-at="2024-10-02T02:10:47 EDT" name="runScenario" description="Runs Cucumber Scenarios" data-provider="scenarios" finished-at="2024-10-02T02:11:00 EDT" duration-ms="13270" status="PASS">
          <params>
            <param index="0">
              <value>
                <![CDATA["user will be able to search items successfuly"]]>
              </value>
            </param>
            <param index="1">
              <value>
                <![CDATA["Optional[google search functionalty testing]"]]>
              </value>
            </param>
          </params>
          <reporter-output>
          </reporter-output>
        </test-method> <!-- runScenario -->
        <test-method signature="runScenario(io.cucumber.testng.PickleWrapper,io.cucumber.testng.FeatureWrapper)[pri:0, instance:runner.Runner@52719fb6]" started-at="2024-10-02T02:11:00 EDT" name="runScenario" description="Runs Cucumber Scenarios" data-provider="scenarios" finished-at="2024-10-02T02:11:13 EDT" duration-ms="12490" status="PASS">
          <params>
            <param index="0">
              <value>
                <![CDATA["user will be able to search items successfuly"]]>
              </value>
            </param>
            <param index="1">
              <value>
                <![CDATA["Optional[google search functionalty testing]"]]>
              </value>
            </param>
          </params>
          <reporter-output>
          </reporter-output>
        </test-method> <!-- runScenario -->
        <test-method signature="runScenario(io.cucumber.testng.PickleWrapper,io.cucumber.testng.FeatureWrapper)[pri:0, instance:runner.Runner@52719fb6]" started-at="2024-10-02T02:11:13 EDT" name="runScenario" description="Runs Cucumber Scenarios" data-provider="scenarios" finished-at="2024-10-02T02:11:25 EDT" duration-ms="12447" status="PASS">
          <params>
            <param index="0">
              <value>
                <![CDATA["user will be able to search items successfuly"]]>
              </value>
            </param>
            <param index="1">
              <value>
                <![CDATA["Optional[google search functionalty testing]"]]>
              </value>
            </param>
          </params>
          <reporter-output>
          </reporter-output>
        </test-method> <!-- runScenario -->
        <test-method is-config="true" signature="tearDownClass()[pri:0, instance:runner.Runner@52719fb6]" started-at="2024-10-02T02:11:25 EDT" name="tearDownClass" finished-at="2024-10-02T02:11:26 EDT" duration-ms="488" status="PASS">
          <reporter-output>
          </reporter-output>
        </test-method> <!-- tearDownClass -->
      </class> <!-- runner.Runner -->
    </test> <!-- Default test -->
  </suite> <!-- Default suite -->
</testng-results>
